#
# There is insufficient memory for the Java Runtime Environment to continue.
# Native memory allocation (malloc) failed to allocate 2097152 bytes. Error detail: AllocateHeap
# Possible reasons:
#   The system is out of physical RAM or swap space
#   This process is running with CompressedOops enabled, and the Java Heap may be blocking the growth of the native heap
# Possible solutions:
#   Reduce memory load on the system
#   Increase physical memory or swap space
#   Check if swap backing store is full
#   Decrease Java heap size (-Xmx/-Xms)
#   Decrease number of Java threads
#   Decrease Java thread stack sizes (-Xss)
#   Set larger code cache with -XX:ReservedCodeCacheSize=
#   JVM is running with Unscaled Compressed Oops mode in which the Java heap is
#     placed in the first 4GB address space. The Java Heap base address is the
#     maximum limit for the native heap growth. Please use -XX:HeapBaseMinAddress
#     to set the Java Heap base and to place the Java Heap above 4GB virtual address.
# This output file may be truncated or incomplete.
#
#  Out of Memory Error (allocation.cpp:44), pid=23976, tid=23276
#
# JRE version: Java(TM) SE Runtime Environment (23.0.2+7) (build 23.0.2+7-58)
# Java VM: Java HotSpot(TM) 64-Bit Server VM (23.0.2+7-58, mixed mode, sharing, tiered, compressed oops, compressed class ptrs, g1 gc, windows-amd64)
# No core dump will be written. Minidumps are not enabled by default on client versions of Windows
#

---------------  S U M M A R Y ------------

Command Line: -XX:+ShowCodeDetailsInExceptionMessages com.example.demo.DemoApplication

Host: Intel(R) Core(TM) i5-8250U CPU @ 1.60GHz, 8 cores, 7G,  Windows 10 , 64 bit Build 19041 (10.0.19041.5915)
Time: Sat Sep  6 19:09:29 2025 Bangladesh Standard Time elapsed time: 28385.144222 seconds (0d 7h 53m 5s)

---------------  T H R E A D  ---------------

Current thread (0x00000251726de830):  VMThread "VM Thread"          [id=23276, stack(0x0000009995a00000,0x0000009995b00000) (1024K)]

Stack: [0x0000009995a00000,0x0000009995b00000]
Native frames: (J=compiled Java code, j=interpreted, Vv=VM code, C=native code)
V  [jvm.dll+0x6e0b99]  (no source info available)
V  [jvm.dll+0x87e2b3]  (no source info available)
V  [jvm.dll+0x88073e]  (no source info available)
V  [jvm.dll+0x880e13]  (no source info available)
V  [jvm.dll+0x27b006]  (no source info available)
V  [jvm.dll+0xb6a17]  (no source info available)
V  [jvm.dll+0x345642]  (no source info available)
V  [jvm.dll+0x340339]  (no source info available)
V  [jvm.dll+0x328602]  (no source info available)
V  [jvm.dll+0x372cf4]  (no source info available)
V  [jvm.dll+0x886d50]  (no source info available)
V  [jvm.dll+0x888077]  (no source info available)
V  [jvm.dll+0x8885a8]  (no source info available)
V  [jvm.dll+0x888843]  (no source info available)
V  [jvm.dll+0x8254cb]  (no source info available)
V  [jvm.dll+0x6df345]  (no source info available)
C  [ucrtbase.dll+0x21bb2]  (no source info available)
C  [KERNEL32.DLL+0x17374]  (no source info available)
C  [ntdll.dll+0x4cc91]  (no source info available)

VM_Operation (0x00000099950fef90): G1CollectFull, mode: safepoint, requested by thread 0x0000025148444790


---------------  P R O C E S S  ---------------

Threads class SMR info:
_java_thread_list=0x000002514833fa40, length=13, elements={
0x00000251726f58c0, 0x00000251726f63f0, 0x00000251726fbe10, 0x00000251726fc480,
0x00000251726fcaf0, 0x00000251726fd160, 0x00000251727108b0, 0x0000025172716f90,
0x000002514513db50, 0x0000025145143000, 0x0000025147e1bb20, 0x0000025148442030,
0x0000025148444790
}

Java Threads: ( => current thread )
  0x00000251726f58c0 JavaThread "Reference Handler"          daemon [_thread_blocked, id=2640, stack(0x0000009995b00000,0x0000009995c00000) (1024K)]
  0x00000251726f63f0 JavaThread "Finalizer"                  daemon [_thread_blocked, id=3816, stack(0x0000009995c00000,0x0000009995d00000) (1024K)]
  0x00000251726fbe10 JavaThread "Signal Dispatcher"          daemon [_thread_blocked, id=4800, stack(0x0000009995d00000,0x0000009995e00000) (1024K)]
  0x00000251726fc480 JavaThread "Attach Listener"            daemon [_thread_blocked, id=15300, stack(0x0000009995e00000,0x0000009995f00000) (1024K)]
  0x00000251726fcaf0 JavaThread "Service Thread"             daemon [_thread_blocked, id=26136, stack(0x0000009995f00000,0x0000009996000000) (1024K)]
  0x00000251726fd160 JavaThread "Monitor Deflation Thread"   daemon [_thread_blocked, id=22220, stack(0x0000009996000000,0x0000009996100000) (1024K)]
  0x00000251727108b0 JavaThread "C2 CompilerThread0"         daemon [_thread_blocked, id=23644, stack(0x0000009996100000,0x0000009996200000) (1024K)]
  0x0000025172716f90 JavaThread "C1 CompilerThread0"         daemon [_thread_blocked, id=19172, stack(0x0000009996200000,0x0000009996300000) (1024K)]
  0x000002514513db50 JavaThread "Notification Thread"        daemon [_thread_blocked, id=15388, stack(0x0000009996300000,0x0000009996400000) (1024K)]
  0x0000025145143000 JavaThread "Common-Cleaner"             daemon [_thread_blocked, id=15776, stack(0x0000009996400000,0x0000009996500000) (1024K)]
  0x0000025147e1bb20 JavaThread "PostgreSQL-JDBC-Cleaner"    daemon [_thread_blocked, id=16516, stack(0x0000009997400000,0x0000009997500000) (1024K)]
  0x0000025148442030 JavaThread "DestroyJavaVM"                     [_thread_blocked, id=24416, stack(0x0000009995300000,0x0000009995400000) (1024K)]
  0x0000025148444790 JavaThread "Thread-45"                         [_thread_blocked, id=492, stack(0x0000009995000000,0x0000009995100000) (1024K)]
Total: 13

Other Threads:
=>0x00000251726de830 VMThread "VM Thread"                           [id=23276, stack(0x0000009995a00000,0x0000009995b00000) (1024K)]
  0x00000251726caf90 WatcherThread "VM Periodic Task Thread"        [id=25484, stack(0x0000009995900000,0x0000009995a00000) (1024K)]
  0x0000025155af3f50 WorkerThread "GC Thread#0"                     [id=25032, stack(0x0000009995400000,0x0000009995500000) (1024K)]
  0x0000025145e83220 WorkerThread "GC Thread#1"                     [id=25180, stack(0x0000009996700000,0x0000009996800000) (1024K)]
  0x0000025145e835d0 WorkerThread "GC Thread#2"                     [id=19240, stack(0x0000009996800000,0x0000009996900000) (1024K)]
  0x0000025145e83980 WorkerThread "GC Thread#3"                     [id=18044, stack(0x0000009996900000,0x0000009996a00000) (1024K)]
  0x0000025145e83d30 WorkerThread "GC Thread#4"                     [id=25912, stack(0x0000009996a00000,0x0000009996b00000) (1024K)]
  0x0000025145e840e0 WorkerThread "GC Thread#5"                     [id=25252, stack(0x0000009996b00000,0x0000009996c00000) (1024K)]
  0x0000025145fc1310 WorkerThread "GC Thread#6"                     [id=23568, stack(0x0000009996e00000,0x0000009996f00000) (1024K)]
  0x0000025145fc16c0 WorkerThread "GC Thread#7"                     [id=26504, stack(0x0000009996f00000,0x0000009997000000) (1024K)]
  0x0000025155b08c50 ConcurrentGCThread "G1 Main Marker"            [id=9436, stack(0x0000009995500000,0x0000009995600000) (1024K)]
  0x0000025155b09e10 WorkerThread "G1 Conc#0"                       [id=14700, stack(0x0000009995600000,0x0000009995700000) (1024K)]
  0x00000251473c4000 WorkerThread "G1 Conc#1"                       [id=25436, stack(0x0000009996d00000,0x0000009996e00000) (1024K)]
  0x00000251725891b0 ConcurrentGCThread "G1 Refine#0"               [id=23052, stack(0x0000009995700000,0x0000009995800000) (1024K)]
  0x000002517258c910 ConcurrentGCThread "G1 Service"                [id=22700, stack(0x0000009995800000,0x0000009995900000) (1024K)]
Total: 15

Threads with active compile tasks:
C1 CompilerThread0  28385246 17793   !   3       java.util.concurrent.ThreadPoolExecutor::processWorkerExit (138 bytes)
Total: 1

VM state: at safepoint (normal execution)

VM Mutex/Monitor currently owned by a thread:  ([mutex/lock_event])
[0x00007ffa08df4888] Threads_lock - owner thread: 0x00000251726de830
[0x00007ffa08df4988] Heap_lock - owner thread: 0x0000025148444790

Heap address: 0x0000000081a00000, size: 2022 MB, Compressed Oops mode: 32-bit

CDS archive(s) mapped at: [0x0000025100000000-0x0000025100d70000-0x0000025100d70000), size 14090240, SharedBaseAddress: 0x0000025100000000, ArchiveRelocationMode: 1.
Compressed class space mapped at: 0x0000025101000000-0x0000025141000000, reserved size: 1073741824
Narrow klass base: 0x0000025100000000, Narrow klass shift: 0, Narrow klass range: 0x41000000

GC Precious Log:
 CardTable entry size: 512
 Card Set container configuration: InlinePtr #cards 5 size 8 Array Of Cards #cards 10 size 36 Howl #buckets 4 coarsen threshold 1843 Howl Bitmap #cards 512 size 80 coarsen threshold 460 Card regions per heap region 1 cards per card region 2048
 CPUs: 8 total, 8 available
 Memory: 8083M
 Large Page Support: Disabled
 NUMA Support: Disabled
 Compressed Oops: Enabled (32-bit)
 Heap Region Size: 1M
 Heap Min Capacity: 8M
 Heap Initial Capacity: 128M
 Heap Max Capacity: 2022M
 Pre-touch: Disabled
 Parallel Workers: 8
 Concurrent Workers: 2
 Concurrent Refinement Workers: 8
 Periodic GC: Disabled

Heap:
 garbage-first heap   total reserved 2070528K, committed 67584K, used 53567K [0x0000000081a00000, 0x0000000100000000)
  region size 1024K, 29 young (29696K), 4 survivors (4096K)
 Metaspace       used 77226K, committed 78080K, reserved 1179648K
  class space    used 10198K, committed 10560K, reserved 1048576K

Heap Regions: E=young(eden), S=young(survivor), O=old, HS=humongous(starts), HC=humongous(continues), CS=collection set, F=free, TAMS=top-at-mark-start, PB=parsable bottom
|   0|0x0000000081a00000, 0x0000000081b00000, 0x0000000081b00000|100%|HS|  |TAMS 0x0000000081a00000| PB 0x0000000081a00000| Complete |  0
|   1|0x0000000081b00000, 0x0000000081c00000, 0x0000000081c00000|100%|HS|  |TAMS 0x0000000081b00000| PB 0x0000000081b00000| Complete |  0
|   2|0x0000000081c00000, 0x0000000081d00000, 0x0000000081d00000|100%| O|  |TAMS 0x0000000081c00000| PB 0x0000000081c00000| Untracked |  0
|   3|0x0000000081d00000, 0x0000000081dfffe0, 0x0000000081e00000| 99%| O|  |TAMS 0x0000000081d00000| PB 0x0000000081d00000| Untracked |  0
|   4|0x0000000081e00000, 0x0000000081effff0, 0x0000000081f00000| 99%| O|  |TAMS 0x0000000081e00000| PB 0x0000000081e00000| Untracked |  0
|   5|0x0000000081f00000, 0x0000000081fffff8, 0x0000000082000000| 99%| O|  |TAMS 0x0000000081f00000| PB 0x0000000081f00000| Untracked |  0
|   6|0x0000000082000000, 0x00000000820ffff0, 0x0000000082100000| 99%| O|  |TAMS 0x0000000082000000| PB 0x0000000082000000| Untracked |  0
|   7|0x0000000082100000, 0x00000000821fffa0, 0x0000000082200000| 99%| O|  |TAMS 0x0000000082100000| PB 0x0000000082100000| Untracked |  0
|   8|0x0000000082200000, 0x00000000822ffec8, 0x0000000082300000| 99%| O|  |TAMS 0x0000000082200000| PB 0x0000000082200000| Untracked |  0
|   9|0x0000000082300000, 0x00000000823fffe8, 0x0000000082400000| 99%| O|  |TAMS 0x0000000082300000| PB 0x0000000082300000| Untracked |  0
|  10|0x0000000082400000, 0x00000000824ffff0, 0x0000000082500000| 99%| O|  |TAMS 0x0000000082400000| PB 0x0000000082400000| Untracked |  0
|  11|0x0000000082500000, 0x00000000825ffff0, 0x0000000082600000| 99%| O|  |TAMS 0x0000000082500000| PB 0x0000000082500000| Untracked |  0
|  12|0x0000000082600000, 0x00000000826ffff0, 0x0000000082700000| 99%| O|  |TAMS 0x0000000082600000| PB 0x0000000082600000| Untracked |  0
|  13|0x0000000082700000, 0x00000000827fffb0, 0x0000000082800000| 99%| O|  |TAMS 0x0000000082700000| PB 0x0000000082700000| Untracked |  0
|  14|0x0000000082800000, 0x0000000082900000, 0x0000000082900000|100%| O|  |TAMS 0x0000000082800000| PB 0x0000000082800000| Untracked |  0
|  15|0x0000000082900000, 0x0000000082a00000, 0x0000000082a00000|100%| O|  |TAMS 0x0000000082900000| PB 0x0000000082900000| Untracked |  0
|  16|0x0000000082a00000, 0x0000000082b00000, 0x0000000082b00000|100%| O|  |TAMS 0x0000000082a00000| PB 0x0000000082a00000| Untracked |  0
|  17|0x0000000082b00000, 0x0000000082bfffd8, 0x0000000082c00000| 99%| O|  |TAMS 0x0000000082b00000| PB 0x0000000082b00000| Untracked |  0
|  18|0x0000000082c00000, 0x0000000082d00000, 0x0000000082d00000|100%| O|  |TAMS 0x0000000082c00000| PB 0x0000000082c00000| Untracked |  0
|  19|0x0000000082d00000, 0x0000000082dfffd0, 0x0000000082e00000| 99%| O|  |TAMS 0x0000000082d00000| PB 0x0000000082d00000| Untracked |  0
|  20|0x0000000082e00000, 0x0000000082effff8, 0x0000000082f00000| 99%| O|  |TAMS 0x0000000082e00000| PB 0x0000000082e00000| Untracked |  0
|  21|0x0000000082f00000, 0x0000000082ffffe0, 0x0000000083000000| 99%| O|  |TAMS 0x0000000082f00000| PB 0x0000000082f00000| Untracked |  0
|  22|0x0000000083000000, 0x000000008305a7a0, 0x0000000083100000| 35%| O|  |TAMS 0x0000000083000000| PB 0x0000000083000000| Untracked |  0
|  23|0x0000000083100000, 0x0000000083181100, 0x0000000083200000| 50%| O|  |TAMS 0x0000000083100000| PB 0x0000000083100000| Untracked |  0
|  24|0x0000000083200000, 0x0000000083300000, 0x0000000083300000|100%| O|  |TAMS 0x0000000083200000| PB 0x0000000083200000| Untracked |  0
|  25|0x0000000083300000, 0x00000000833fffe0, 0x0000000083400000| 99%| O|  |TAMS 0x0000000083300000| PB 0x0000000083300000| Untracked |  0
|  26|0x0000000083400000, 0x00000000834c8a58, 0x0000000083500000| 78%| O|  |TAMS 0x0000000083400000| PB 0x0000000083400000| Untracked |  0
|  27|0x0000000083500000, 0x0000000083500000, 0x0000000083600000|  0%| F|  |TAMS 0x0000000083500000| PB 0x0000000083500000| Untracked |  0
|  28|0x0000000083600000, 0x0000000083600000, 0x0000000083700000|  0%| F|  |TAMS 0x0000000083600000| PB 0x0000000083600000| Untracked |  0
|  29|0x0000000083700000, 0x0000000083716558, 0x0000000083800000|  8%| O|Cm|TAMS 0x0000000083700000| PB 0x0000000083700000| Complete |  0
|  30|0x0000000083800000, 0x00000000838713f0, 0x0000000083900000| 44%| O|  |TAMS 0x0000000083800000| PB 0x0000000083800000| Untracked |  0
|  31|0x0000000083900000, 0x0000000083900000, 0x0000000083a00000|  0%| F|  |TAMS 0x0000000083900000| PB 0x0000000083900000| Untracked |  0
|  32|0x0000000083a00000, 0x0000000083a00000, 0x0000000083b00000|  0%| F|  |TAMS 0x0000000083a00000| PB 0x0000000083a00000| Untracked |  0
|  33|0x0000000083b00000, 0x0000000083b00000, 0x0000000083c00000|  0%| F|  |TAMS 0x0000000083b00000| PB 0x0000000083b00000| Untracked |  0
|  34|0x0000000083c00000, 0x0000000083c24430, 0x0000000083d00000| 14%| S|CS|TAMS 0x0000000083c00000| PB 0x0000000083c00000| Complete |  0
|  35|0x0000000083d00000, 0x0000000083e00000, 0x0000000083e00000|100%| S|CS|TAMS 0x0000000083d00000| PB 0x0000000083d00000| Complete |  0
|  36|0x0000000083e00000, 0x0000000083f00000, 0x0000000083f00000|100%| S|CS|TAMS 0x0000000083e00000| PB 0x0000000083e00000| Complete |  0
|  37|0x0000000083f00000, 0x0000000084000000, 0x0000000084000000|100%| S|CS|TAMS 0x0000000083f00000| PB 0x0000000083f00000| Complete |  0
|  38|0x0000000084000000, 0x0000000084000000, 0x0000000084100000|  0%| F|  |TAMS 0x0000000084000000| PB 0x0000000084000000| Untracked |  0
|  39|0x0000000084100000, 0x0000000084100000, 0x0000000084200000|  0%| F|  |TAMS 0x0000000084100000| PB 0x0000000084100000| Untracked |  0
|  40|0x0000000084200000, 0x0000000084200000, 0x0000000084300000|  0%| F|  |TAMS 0x0000000084200000| PB 0x0000000084200000| Untracked |  0
|  41|0x0000000084300000, 0x0000000084332300, 0x0000000084400000| 19%| E|  |TAMS 0x0000000084300000| PB 0x0000000084300000| Complete |  0
|  42|0x0000000084400000, 0x0000000084500000, 0x0000000084500000|100%| E|CS|TAMS 0x0000000084400000| PB 0x0000000084400000| Complete |  0
|  43|0x0000000084500000, 0x0000000084600000, 0x0000000084600000|100%| E|CS|TAMS 0x0000000084500000| PB 0x0000000084500000| Complete |  0
|  44|0x0000000084600000, 0x0000000084700000, 0x0000000084700000|100%| E|CS|TAMS 0x0000000084600000| PB 0x0000000084600000| Complete |  0
|  45|0x0000000084700000, 0x0000000084800000, 0x0000000084800000|100%| E|CS|TAMS 0x0000000084700000| PB 0x0000000084700000| Complete |  0
|  46|0x0000000084800000, 0x0000000084900000, 0x0000000084900000|100%| E|CS|TAMS 0x0000000084800000| PB 0x0000000084800000| Complete |  0
|  47|0x0000000084900000, 0x0000000084a00000, 0x0000000084a00000|100%| E|CS|TAMS 0x0000000084900000| PB 0x0000000084900000| Complete |  0
|  48|0x0000000084a00000, 0x0000000084b00000, 0x0000000084b00000|100%| E|CS|TAMS 0x0000000084a00000| PB 0x0000000084a00000| Complete |  0
|  49|0x0000000084b00000, 0x0000000084c00000, 0x0000000084c00000|100%| E|CS|TAMS 0x0000000084b00000| PB 0x0000000084b00000| Complete |  0
|  50|0x0000000084c00000, 0x0000000084d00000, 0x0000000084d00000|100%| E|CS|TAMS 0x0000000084c00000| PB 0x0000000084c00000| Complete |  0
|  51|0x0000000084d00000, 0x0000000084e00000, 0x0000000084e00000|100%| E|CS|TAMS 0x0000000084d00000| PB 0x0000000084d00000| Complete |  0
|  52|0x0000000084e00000, 0x0000000084f00000, 0x0000000084f00000|100%| E|CS|TAMS 0x0000000084e00000| PB 0x0000000084e00000| Complete |  0
|  53|0x0000000084f00000, 0x0000000085000000, 0x0000000085000000|100%| E|CS|TAMS 0x0000000084f00000| PB 0x0000000084f00000| Complete |  0
|  54|0x0000000085000000, 0x0000000085100000, 0x0000000085100000|100%| E|CS|TAMS 0x0000000085000000| PB 0x0000000085000000| Complete |  0
|  55|0x0000000085100000, 0x0000000085200000, 0x0000000085200000|100%| E|CS|TAMS 0x0000000085100000| PB 0x0000000085100000| Complete |  0
|  56|0x0000000085200000, 0x0000000085300000, 0x0000000085300000|100%| E|CS|TAMS 0x0000000085200000| PB 0x0000000085200000| Complete |  0
|  57|0x0000000085300000, 0x0000000085400000, 0x0000000085400000|100%| E|CS|TAMS 0x0000000085300000| PB 0x0000000085300000| Complete |  0
|  73|0x0000000086300000, 0x0000000086400000, 0x0000000086400000|100%| E|CS|TAMS 0x0000000086300000| PB 0x0000000086300000| Complete |  0
|  74|0x0000000086400000, 0x0000000086500000, 0x0000000086500000|100%| E|CS|TAMS 0x0000000086400000| PB 0x0000000086400000| Complete |  0
|  75|0x0000000086500000, 0x0000000086600000, 0x0000000086600000|100%| E|CS|TAMS 0x0000000086500000| PB 0x0000000086500000| Complete |  0
|  76|0x0000000086600000, 0x0000000086700000, 0x0000000086700000|100%| E|  |TAMS 0x0000000086600000| PB 0x0000000086600000| Complete |  0
|  77|0x0000000086700000, 0x0000000086800000, 0x0000000086800000|100%| E|CS|TAMS 0x0000000086700000| PB 0x0000000086700000| Complete |  0
|  78|0x0000000086800000, 0x0000000086900000, 0x0000000086900000|100%| E|CS|TAMS 0x0000000086800000| PB 0x0000000086800000| Complete |  0
|  79|0x0000000086900000, 0x0000000086a00000, 0x0000000086a00000|100%| E|CS|TAMS 0x0000000086900000| PB 0x0000000086900000| Complete |  0
| 127|0x0000000089900000, 0x0000000089a00000, 0x0000000089a00000|100%| E|CS|TAMS 0x0000000089900000| PB 0x0000000089900000| Complete |  0

Card table byte_map: [0x000002516d910000,0x000002516dd10000] _byte_map_base: 0x000002516d503000

Marking Bits: (CMBitMap*) 0x0000025155af4570
 Bits: [0x000002516dd10000, 0x000002516fca8000)

Polling page: 0x0000025155260000

Metaspace:

Usage:
  Non-class:     65.46 MB used.
      Class:      9.96 MB used.
       Both:     75.42 MB used.

Virtual space:
  Non-class space:      128.00 MB reserved,      65.94 MB ( 52%) committed,  2 nodes.
      Class space:        1.00 GB reserved,      10.31 MB (  1%) committed,  1 nodes.
             Both:        1.12 GB reserved,      76.25 MB (  7%) committed. 

Chunk freelists:
   Non-Class:  13.68 MB
       Class:  5.74 MB
        Both:  19.42 MB

MaxMetaspaceSize: unlimited
CompressedClassSpaceSize: 1.00 GB
Initial GC threshold: 21.00 MB
Current GC threshold: 126.56 MB
CDS: on
 - commit_granule_bytes: 65536.
 - commit_granule_words: 8192.
 - virtual_space_node_default_size: 8388608.
 - enlarge_chunks_in_place: 1.
 - use_allocation_guard: 0.


Internal statistics:

num_allocs_failed_limit: 9.
num_arena_births: 1376.
num_arena_deaths: 444.
num_vsnodes_births: 3.
num_vsnodes_deaths: 0.
num_space_committed: 1220.
num_space_uncommitted: 0.
num_chunks_returned_to_freelist: 521.
num_chunks_taken_from_freelist: 4584.
num_chunk_merges: 104.
num_chunk_splits: 2920.
num_chunks_enlarged: 2197.
num_inconsistent_stats: 0.

CodeHeap 'non-profiled nmethods': size=120064Kb used=5189Kb max_used=5189Kb free=114874Kb
 bounds [0x0000025165ca0000, 0x00000251661c0000, 0x000002516d1e0000]
CodeHeap 'profiled nmethods': size=120000Kb used=11103Kb max_used=12777Kb free=108896Kb
 bounds [0x000002515e1e0000, 0x000002515ee60000, 0x0000025165710000]
CodeHeap 'non-nmethods': size=5696Kb used=1671Kb max_used=1801Kb free=4024Kb
 bounds [0x0000025165710000, 0x0000025165980000, 0x0000025165ca0000]
CodeCache: size=245760Kb, used=17963Kb, max_used=19767Kb, free=227794Kb
 total_blobs=8074, nmethods=7350, adapters=625, full_count=0
Compilation: enabled, stopped_count=0, restarted_count=0

Compilation events (20 events):
Event: 28385.111 Thread 0x0000025172716f90 nmethod 17783 0x000002515e9d9888 code [0x000002515e9d9a00, 0x000002515e9d9d00]
Event: 28385.122 Thread 0x0000025172716f90 17784       3       java.time.Clock::systemUTC (4 bytes)
Event: 28385.122 Thread 0x0000025172716f90 nmethod 17784 0x000002515e9b6708 code [0x000002515e9b6820, 0x000002515e9b6918]
Event: 28385.122 Thread 0x0000025172716f90 17785       3       java.time.Clock$SystemClock::instant (4 bytes)
Event: 28385.122 Thread 0x0000025172716f90 nmethod 17785 0x000002515e9e5108 code [0x000002515e9e5220, 0x000002515e9e5358]
Event: 28385.122 Thread 0x0000025172716f90 17786       3       ch.qos.logback.classic.spi.LoggingEvent::initTmestampFields (41 bytes)
Event: 28385.122 Thread 0x0000025172716f90 nmethod 17786 0x000002515ea59b08 code [0x000002515ea59c20, 0x000002515ea59e08]
Event: 28385.122 Thread 0x0000025172716f90 17787       3       ch.qos.logback.classic.spi.LoggingEvent::extractThrowableAnRearrangeArguments (22 bytes)
Event: 28385.123 Thread 0x0000025172716f90 nmethod 17787 0x000002515e9d9188 code [0x000002515e9d92e0, 0x000002515e9d9828]
Event: 28385.123 Thread 0x0000025172716f90 17788       3       ch.qos.logback.classic.spi.EventArgUtil::extractThrowable (32 bytes)
Event: 28385.123 Thread 0x0000025172716f90 nmethod 17788 0x000002515e9d8c88 code [0x000002515e9d8dc0, 0x000002515e9d9160]
Event: 28385.123 Thread 0x0000025172716f90 17789       3       ch.qos.logback.classic.pattern.LevelConverter::convert (9 bytes)
Event: 28385.123 Thread 0x0000025172716f90 nmethod 17789 0x000002515eb02088 code [0x000002515eb021c0, 0x000002515eb024b8]
Event: 28385.123 Thread 0x0000025172716f90 17790       3       ch.qos.logback.core.joran.spi.ConsoleTarget$1::flush (7 bytes)
Event: 28385.123 Thread 0x0000025172716f90 nmethod 17790 0x000002515eda3008 code [0x000002515eda3140, 0x000002515eda32a8]
Event: 28385.123 Thread 0x0000025172716f90 17791   !   3       java.io.PrintStream::flush (60 bytes)
Event: 28385.124 Thread 0x0000025172716f90 nmethod 17791 0x000002515e43ff88 code [0x000002515e440200, 0x000002515e4413f8]
Event: 28385.126 Thread 0x00000251727108b0 17792       4       java.lang.StringBuilder::append (10 bytes)
Event: 28385.132 Thread 0x0000025172716f90 17793   !   3       java.util.concurrent.ThreadPoolExecutor::processWorkerExit (138 bytes)
Event: 28385.132 Thread 0x00000251727108b0 nmethod 17792 0x00000251661b0e08 code [0x00000251661b0f60, 0x00000251661b1498]

GC Heap History (20 events):
Event: 28265.381 GC heap after
{Heap after GC invocations=66 (full 7):
 garbage-first heap   total reserved 2070528K, committed 67584K, used 26626K [0x0000000081a00000, 0x0000000100000000)
  region size 1024K, 0 young (0K), 0 survivors (0K)
 Metaspace       used 75878K, committed 76608K, reserved 1179648K
  class space    used 10128K, committed 10432K, reserved 1048576K
}
Event: 28265.666 GC heap before
{Heap before GC invocations=66 (full 7):
 garbage-first heap   total reserved 2070528K, committed 67584K, used 55298K [0x0000000081a00000, 0x0000000100000000)
  region size 1024K, 28 young (28672K), 0 survivors (0K)
 Metaspace       used 75942K, committed 76608K, reserved 1179648K
  class space    used 10131K, committed 10432K, reserved 1048576K
}
Event: 28265.669 GC heap after
{Heap after GC invocations=67 (full 7):
 garbage-first heap   total reserved 2070528K, committed 67584K, used 29678K [0x0000000081a00000, 0x0000000100000000)
  region size 1024K, 3 young (3072K), 3 survivors (3072K)
 Metaspace       used 75942K, committed 76608K, reserved 1179648K
  class space    used 10131K, committed 10432K, reserved 1048576K
}
Event: 28368.922 GC heap before
{Heap before GC invocations=68 (full 7):
 garbage-first heap   total reserved 2070528K, committed 67584K, used 55278K [0x0000000081a00000, 0x0000000100000000)
  region size 1024K, 29 young (29696K), 3 survivors (3072K)
 Metaspace       used 76183K, committed 76992K, reserved 1179648K
  class space    used 10140K, committed 10496K, reserved 1048576K
}
Event: 28368.966 GC heap after
{Heap after GC invocations=69 (full 8):
 garbage-first heap   total reserved 2070528K, committed 67584K, used 26303K [0x0000000081a00000, 0x0000000100000000)
  region size 1024K, 0 young (0K), 0 survivors (0K)
 Metaspace       used 76181K, committed 76992K, reserved 1179648K
  class space    used 10140K, committed 10496K, reserved 1048576K
}
Event: 28369.337 GC heap before
{Heap before GC invocations=69 (full 8):
 garbage-first heap   total reserved 2070528K, committed 67584K, used 54975K [0x0000000081a00000, 0x0000000100000000)
  region size 1024K, 29 young (29696K), 0 survivors (0K)
 Metaspace       used 76228K, committed 76992K, reserved 1179648K
  class space    used 10143K, committed 10496K, reserved 1048576K
}
Event: 28369.340 GC heap after
{Heap after GC invocations=70 (full 8):
 garbage-first heap   total reserved 2070528K, committed 67584K, used 29505K [0x0000000081a00000, 0x0000000100000000)
  region size 1024K, 4 young (4096K), 4 survivors (4096K)
 Metaspace       used 76228K, committed 76992K, reserved 1179648K
  class space    used 10143K, committed 10496K, reserved 1048576K
}
Event: 28371.103 GC heap before
{Heap before GC invocations=71 (full 8):
 garbage-first heap   total reserved 2070528K, committed 67584K, used 52033K [0x0000000081a00000, 0x0000000100000000)
  region size 1024K, 27 young (27648K), 4 survivors (4096K)
 Metaspace       used 76449K, committed 77184K, reserved 1179648K
  class space    used 10153K, committed 10496K, reserved 1048576K
}
Event: 28371.142 GC heap after
{Heap after GC invocations=72 (full 9):
 garbage-first heap   total reserved 2070528K, committed 67584K, used 26470K [0x0000000081a00000, 0x0000000100000000)
  region size 1024K, 0 young (0K), 0 survivors (0K)
 Metaspace       used 76446K, committed 77184K, reserved 1179648K
  class space    used 10152K, committed 10496K, reserved 1048576K
}
Event: 28371.455 GC heap before
{Heap before GC invocations=72 (full 9):
 garbage-first heap   total reserved 2070528K, committed 67584K, used 55142K [0x0000000081a00000, 0x0000000100000000)
  region size 1024K, 28 young (28672K), 0 survivors (0K)
 Metaspace       used 76507K, committed 77248K, reserved 1179648K
  class space    used 10156K, committed 10496K, reserved 1048576K
}
Event: 28371.458 GC heap after
{Heap after GC invocations=73 (full 9):
 garbage-first heap   total reserved 2070528K, committed 67584K, used 29444K [0x0000000081a00000, 0x0000000100000000)
  region size 1024K, 3 young (3072K), 3 survivors (3072K)
 Metaspace       used 76507K, committed 77248K, reserved 1179648K
  class space    used 10156K, committed 10496K, reserved 1048576K
}
Event: 28377.308 GC heap before
{Heap before GC invocations=74 (full 9):
 garbage-first heap   total reserved 2070528K, committed 67584K, used 51972K [0x0000000081a00000, 0x0000000100000000)
  region size 1024K, 27 young (27648K), 3 survivors (3072K)
 Metaspace       used 76714K, committed 77440K, reserved 1179648K
  class space    used 10169K, committed 10496K, reserved 1048576K
}
Event: 28377.346 GC heap after
{Heap after GC invocations=75 (full 10):
 garbage-first heap   total reserved 2070528K, committed 67584K, used 26634K [0x0000000081a00000, 0x0000000100000000)
  region size 1024K, 0 young (0K), 0 survivors (0K)
 Metaspace       used 76711K, committed 77440K, reserved 1179648K
  class space    used 10169K, committed 10496K, reserved 1048576K
}
Event: 28377.705 GC heap before
{Heap before GC invocations=75 (full 10):
 garbage-first heap   total reserved 2070528K, committed 67584K, used 56330K [0x0000000081a00000, 0x0000000100000000)
  region size 1024K, 29 young (29696K), 0 survivors (0K)
 Metaspace       used 76772K, committed 77568K, reserved 1179648K
  class space    used 10172K, committed 10496K, reserved 1048576K
}
Event: 28377.708 GC heap after
{Heap after GC invocations=76 (full 10):
 garbage-first heap   total reserved 2070528K, committed 67584K, used 29846K [0x0000000081a00000, 0x0000000100000000)
  region size 1024K, 4 young (4096K), 4 survivors (4096K)
 Metaspace       used 76772K, committed 77568K, reserved 1179648K
  class space    used 10172K, committed 10496K, reserved 1048576K
}
Event: 28379.653 GC heap before
{Heap before GC invocations=77 (full 10):
 garbage-first heap   total reserved 2070528K, committed 67584K, used 51350K [0x0000000081a00000, 0x0000000100000000)
  region size 1024K, 27 young (27648K), 4 survivors (4096K)
 Metaspace       used 76977K, committed 77760K, reserved 1179648K
  class space    used 10187K, committed 10496K, reserved 1048576K
}
Event: 28379.698 GC heap after
{Heap after GC invocations=78 (full 11):
 garbage-first heap   total reserved 2070528K, committed 67584K, used 26798K [0x0000000081a00000, 0x0000000100000000)
  region size 1024K, 0 young (0K), 0 survivors (0K)
 Metaspace       used 76975K, committed 77760K, reserved 1179648K
  class space    used 10186K, committed 10496K, reserved 1048576K
}
Event: 28380.129 GC heap before
{Heap before GC invocations=78 (full 11):
 garbage-first heap   total reserved 2070528K, committed 67584K, used 55470K [0x0000000081a00000, 0x0000000100000000)
  region size 1024K, 28 young (28672K), 0 survivors (0K)
 Metaspace       used 77022K, committed 77824K, reserved 1179648K
  class space    used 10189K, committed 10560K, reserved 1048576K
}
Event: 28380.132 GC heap after
{Heap after GC invocations=79 (full 11):
 garbage-first heap   total reserved 2070528K, committed 67584K, used 30015K [0x0000000081a00000, 0x0000000100000000)
  region size 1024K, 4 young (4096K), 4 survivors (4096K)
 Metaspace       used 77022K, committed 77824K, reserved 1179648K
  class space    used 10189K, committed 10560K, reserved 1048576K
}
Event: 28385.132 GC heap before
{Heap before GC invocations=80 (full 11):
 garbage-first heap   total reserved 2070528K, committed 67584K, used 53567K [0x0000000081a00000, 0x0000000100000000)
  region size 1024K, 29 young (29696K), 4 survivors (4096K)
 Metaspace       used 77226K, committed 78080K, reserved 1179648K
  class space    used 10198K, committed 10560K, reserved 1048576K
}

Dll operation events (11 events):
Event: 0.009 Loaded shared library C:\Users\Administrator\Downloads\jdk-23_windows-x64_bin\jdk-23.0.2\bin\java.dll
Event: 0.055 Loaded shared library C:\Users\Administrator\Downloads\jdk-23_windows-x64_bin\jdk-23.0.2\bin\jsvml.dll
Event: 0.132 Loaded shared library C:\Users\Administrator\Downloads\jdk-23_windows-x64_bin\jdk-23.0.2\bin\net.dll
Event: 0.134 Loaded shared library C:\Users\Administrator\Downloads\jdk-23_windows-x64_bin\jdk-23.0.2\bin\nio.dll
Event: 0.137 Loaded shared library C:\Users\Administrator\Downloads\jdk-23_windows-x64_bin\jdk-23.0.2\bin\zip.dll
Event: 0.313 Loaded shared library C:\Users\Administrator\Downloads\jdk-23_windows-x64_bin\jdk-23.0.2\bin\jimage.dll
Event: 0.772 Loaded shared library C:\Users\Administrator\Downloads\jdk-23_windows-x64_bin\jdk-23.0.2\bin\management.dll
Event: 0.783 Loaded shared library C:\Users\Administrator\Downloads\jdk-23_windows-x64_bin\jdk-23.0.2\bin\management_ext.dll
Event: 2.679 Loaded shared library C:\Users\Administrator\Downloads\jdk-23_windows-x64_bin\jdk-23.0.2\bin\sunmscapi.dll
Event: 6.914 Loaded shared library C:\Users\Administrator\Downloads\jdk-23_windows-x64_bin\jdk-23.0.2\bin\verify.dll
Event: 7.610 Loaded shared library C:\Users\Administrator\Downloads\jdk-23_windows-x64_bin\jdk-23.0.2\bin\extnet.dll

Deoptimization events (20 events):
Event: 28379.817 Thread 0x000002514b64dfc0 DEOPT PACKING pc=0x000002516617ebb8 sp=0x00000099951fdaa0
Event: 28379.817 Thread 0x000002514b64dfc0 DEOPT UNPACKING pc=0x0000025165764402 sp=0x00000099951fda48 mode 2
Event: 28379.967 Thread 0x000002514b64dfc0 Uncommon trap: trap_request=0xffffffcc fr.pc=0x0000025166188b98 relative=0x0000000000000498
Event: 28379.967 Thread 0x000002514b64dfc0 Uncommon trap: reason=intrinsic_or_type_checked_inlining action=make_not_entrant pc=0x0000025166188b98 method=java.util.stream.SpinedBuffer.copyInto([Ljava/lang/Object;I)V @ 51 c2
Event: 28379.967 Thread 0x000002514b64dfc0 DEOPT PACKING pc=0x0000025166188b98 sp=0x00000099951fe140
Event: 28379.967 Thread 0x000002514b64dfc0 DEOPT UNPACKING pc=0x0000025165764402 sp=0x00000099951fdf88 mode 2
Event: 28379.974 Thread 0x000002514b64dfc0 Uncommon trap: trap_request=0xffffffcc fr.pc=0x00000251661895e0 relative=0x0000000000000460
Event: 28379.974 Thread 0x000002514b64dfc0 Uncommon trap: reason=intrinsic_or_type_checked_inlining action=make_not_entrant pc=0x00000251661895e0 method=java.util.stream.SpinedBuffer.copyInto([Ljava/lang/Object;I)V @ 51 c2
Event: 28379.974 Thread 0x000002514b64dfc0 DEOPT PACKING pc=0x00000251661895e0 sp=0x00000099951fe0c0
Event: 28379.974 Thread 0x000002514b64dfc0 DEOPT UNPACKING pc=0x0000025165764402 sp=0x00000099951fdf80 mode 2
Event: 28379.980 Thread 0x000002514b64dfc0 Uncommon trap: trap_request=0xffffffcc fr.pc=0x000002516618a928 relative=0x0000000000000448
Event: 28379.980 Thread 0x000002514b64dfc0 Uncommon trap: reason=intrinsic_or_type_checked_inlining action=make_not_entrant pc=0x000002516618a928 method=java.util.stream.SpinedBuffer.copyInto([Ljava/lang/Object;I)V @ 125 c2
Event: 28379.980 Thread 0x000002514b64dfc0 DEOPT PACKING pc=0x000002516618a928 sp=0x00000099951fdb40
Event: 28379.980 Thread 0x000002514b64dfc0 DEOPT UNPACKING pc=0x0000025165764402 sp=0x00000099951fda88 mode 2
Event: 28379.983 Thread 0x000002514b64dfc0 Uncommon trap: trap_request=0xffffffcc fr.pc=0x000002516618a028 relative=0x0000000000000448
Event: 28379.983 Thread 0x000002514b64dfc0 Uncommon trap: reason=intrinsic_or_type_checked_inlining action=make_not_entrant pc=0x000002516618a028 method=java.util.stream.SpinedBuffer.copyInto([Ljava/lang/Object;I)V @ 125 c2
Event: 28379.983 Thread 0x000002514b64dfc0 DEOPT PACKING pc=0x000002516618a028 sp=0x00000099951fd6b0
Event: 28379.983 Thread 0x000002514b64dfc0 DEOPT UNPACKING pc=0x0000025165764402 sp=0x00000099951fd668 mode 2
Event: 28380.099 Thread 0x000002514b64dfc0 DEOPT PACKING pc=0x000002515e2132e3 sp=0x00000099951fe520
Event: 28380.099 Thread 0x000002514b64dfc0 DEOPT UNPACKING pc=0x0000025165764b22 sp=0x00000099951fd9b8 mode 0

Classes loaded (20 events):
Event: 2243.397 Loading class java/lang/invoke/MethodHandleImpl$CountingWrapper$1
Event: 2243.401 Loading class java/lang/invoke/MethodHandleImpl$CountingWrapper$1 done
Event: 27943.254 Loading class java/util/ArrayList$SubList$2
Event: 27943.262 Loading class java/util/ArrayList$SubList$2 done
Event: 28145.403 Loading class java/util/concurrent/locks/AbstractQueuedSynchronizer$SharedNode
Event: 28145.406 Loading class java/util/concurrent/locks/AbstractQueuedSynchronizer$SharedNode done
Event: 28145.491 Loading class java/util/AbstractMap$2
Event: 28145.491 Loading class java/util/AbstractMap$2 done
Event: 28145.495 Loading class java/util/AbstractMap$ValueIterator
Event: 28145.496 Loading class java/util/AbstractMap$ValueIterator done
Event: 28145.569 Loading class java/util/WeakHashMap$KeyIterator
Event: 28145.571 Loading class java/util/WeakHashMap$HashIterator
Event: 28145.572 Loading class java/util/WeakHashMap$HashIterator done
Event: 28145.572 Loading class java/util/WeakHashMap$KeyIterator done
Event: 28145.841 Loading class java/lang/ref/Finalizer$2
Event: 28145.841 Loading class java/lang/ref/Finalizer$2 done
Event: 28145.841 Loading class java/lang/ref/Finalizer$1
Event: 28145.842 Loading class java/lang/ref/Finalizer$1 done
Event: 28147.764 Loading class java/time/DurationEditor
Event: 28147.764 Loading class java/time/DurationEditor done

Classes unloaded (20 events):
Event: 28149.371 Thread 0x00000251726de830 Unloading class 0x0000025101402400 'java/lang/invoke/LambdaForm$MH+0x0000025101402400'
Event: 28149.371 Thread 0x00000251726de830 Unloading class 0x000002510143a000 'org/apache/catalina/loader/JdbcLeakPrevention'
Event: 28149.371 Thread 0x00000251726de830 Unloading class 0x00000251013a0c00 'java/lang/invoke/LambdaForm$MH+0x00000251013a0c00'
Event: 28149.371 Thread 0x00000251726de830 Unloading class 0x0000025101381400 'java/lang/invoke/LambdaForm$MH+0x0000025101381400'
Event: 28149.371 Thread 0x00000251726de830 Unloading class 0x0000025101380c00 'java/lang/invoke/LambdaForm$MH+0x0000025101380c00'
Event: 28149.371 Thread 0x00000251726de830 Unloading class 0x0000025101364c00 'java/lang/invoke/LambdaForm$MH+0x0000025101364c00'
Event: 28149.371 Thread 0x00000251726de830 Unloading class 0x000002510135c400 'java/lang/invoke/LambdaForm$MH+0x000002510135c400'
Event: 28149.371 Thread 0x00000251726de830 Unloading class 0x0000025101338c00 'java/lang/invoke/LambdaForm$MH+0x0000025101338c00'
Event: 28149.371 Thread 0x00000251726de830 Unloading class 0x000002510123c000 'java/lang/invoke/LambdaForm$MH+0x000002510123c000'
Event: 28149.371 Thread 0x00000251726de830 Unloading class 0x0000025101204400 'java/lang/invoke/LambdaForm$MH+0x0000025101204400'
Event: 28149.371 Thread 0x00000251726de830 Unloading class 0x0000025101008400 'java/lang/invoke/LambdaForm$MH+0x0000025101008400'
Event: 28151.821 Thread 0x00000251726de830 Unloading class 0x0000025101a10800 'org/apache/catalina/loader/JdbcLeakPrevention'
Event: 28169.354 Thread 0x00000251726de830 Unloading class 0x000002510182d000 'org/apache/catalina/loader/JdbcLeakPrevention'
Event: 28171.493 Thread 0x00000251726de830 Unloading class 0x0000025101888800 'org/apache/catalina/loader/JdbcLeakPrevention'
Event: 28174.680 Thread 0x00000251726de830 Unloading class 0x0000025101425400 'org/apache/catalina/loader/JdbcLeakPrevention'
Event: 28265.357 Thread 0x00000251726de830 Unloading class 0x0000025101a20000 'org/apache/catalina/loader/JdbcLeakPrevention'
Event: 28368.935 Thread 0x00000251726de830 Unloading class 0x0000025101a22800 'org/apache/catalina/loader/JdbcLeakPrevention'
Event: 28371.113 Thread 0x00000251726de830 Unloading class 0x0000025101a30000 'org/apache/catalina/loader/JdbcLeakPrevention'
Event: 28377.321 Thread 0x00000251726de830 Unloading class 0x0000025101a34000 'org/apache/catalina/loader/JdbcLeakPrevention'
Event: 28379.666 Thread 0x00000251726de830 Unloading class 0x0000025101a36c00 'org/apache/catalina/loader/JdbcLeakPrevention'

Classes redefined (0 events):
No events

Internal exceptions (20 events):
Event: 28377.593 Thread 0x0000025148449650 Exception <a 'java/lang/NoClassDefFoundError'{0x000000008479e868}: liquibase/integration/spring/SpringLiquibase> (0x000000008479e868) 
thrown [s\open\src\hotspot\share\oops\constantPool.cpp, line 867]
Event: 28377.596 Thread 0x0000025148449650 Exception <a 'java/lang/NoClassDefFoundError'{0x00000000847b7038}: org/jooq/DSLContext> (0x00000000847b7038) 
thrown [s\open\src\hotspot\share\oops\constantPool.cpp, line 867]
Event: 28377.598 Thread 0x0000025148449650 Exception <a 'java/lang/NoClassDefFoundError'{0x00000000847e91c0}: org/springframework/batch/core/repository/JobRepository> (0x00000000847e91c0) 
thrown [s\open\src\hotspot\share\oops\constantPool.cpp, line 867]
Event: 28377.598 Thread 0x0000025148449650 Exception <a 'java/lang/NoClassDefFoundError'{0x00000000847e9818}: org/quartz/Scheduler> (0x00000000847e9818) 
thrown [s\open\src\hotspot\share\oops\constantPool.cpp, line 867]
Event: 28377.598 Thread 0x0000025148449650 Exception <a 'java/lang/NoClassDefFoundError'{0x00000000847e9e98}: org/springframework/session/jdbc/JdbcIndexedSessionRepository> (0x00000000847e9e98) 
thrown [s\open\src\hotspot\share\oops\constantPool.cpp, line 867]
Event: 28377.651 Thread 0x0000025148449650 Exception <a 'java/io/FileNotFoundException'{0x00000000842cb948}> (0x00000000842cb948) 
thrown [s\open\src\hotspot\share\prims\jni.cpp, line 520]
Event: 28377.688 Thread 0x0000025148449650 Exception <a 'java/io/FileNotFoundException'{0x0000000084074518}> (0x0000000084074518) 
thrown [s\open\src\hotspot\share\prims\jni.cpp, line 520]
Event: 28378.176 Thread 0x0000025148449650 Exception <a 'java/net/BindException'{0x000000008492cc00}: Address already in use: bind> (0x000000008492cc00) 
thrown [s\open\src\hotspot\share\prims\jni.cpp, line 539]
Event: 28379.652 Thread 0x0000025148447c10 Exception <a 'java/lang/InterruptedException'{0x00000000845f1bf8}: sleep interrupted> (0x00000000845f1bf8) 
thrown [s\open\src\hotspot\share\prims\jvm.cpp, line 3093]
Event: 28379.711 Thread 0x000002514b64dfc0 Exception <a 'sun/nio/fs/WindowsException'{0x0000000089976c88}> (0x0000000089976c88) 
thrown [s\open\src\hotspot\share\prims\jni.cpp, line 520]
Event: 28380.068 Thread 0x000002514b64dfc0 Exception <a 'java/lang/NoClassDefFoundError'{0x00000000847aed08}: org/flywaydb/core/Flyway> (0x00000000847aed08) 
thrown [s\open\src\hotspot\share\oops\constantPool.cpp, line 867]
Event: 28380.068 Thread 0x000002514b64dfc0 Exception <a 'java/lang/NoClassDefFoundError'{0x00000000847af368}: liquibase/integration/spring/SpringLiquibase> (0x00000000847af368) 
thrown [s\open\src\hotspot\share\oops\constantPool.cpp, line 867]
Event: 28380.069 Thread 0x000002514b64dfc0 Exception <a 'java/lang/NoClassDefFoundError'{0x00000000847c78e8}: org/jooq/DSLContext> (0x00000000847c78e8) 
thrown [s\open\src\hotspot\share\oops\constantPool.cpp, line 867]
Event: 28380.070 Thread 0x000002514b64dfc0 Exception <a 'java/lang/NoClassDefFoundError'{0x00000000847f9cd0}: org/springframework/batch/core/repository/JobRepository> (0x00000000847f9cd0) 
thrown [s\open\src\hotspot\share\oops\constantPool.cpp, line 867]
Event: 28380.070 Thread 0x000002514b64dfc0 Exception <a 'java/lang/NoClassDefFoundError'{0x00000000847fa328}: org/quartz/Scheduler> (0x00000000847fa328) 
thrown [s\open\src\hotspot\share\oops\constantPool.cpp, line 867]
Event: 28380.070 Thread 0x000002514b64dfc0 Exception <a 'java/lang/NoClassDefFoundError'{0x00000000847fa9a8}: org/springframework/session/jdbc/JdbcIndexedSessionRepository> (0x00000000847fa9a8) 
thrown [s\open\src\hotspot\share\oops\constantPool.cpp, line 867]
Event: 28380.105 Thread 0x000002514b64dfc0 Exception <a 'java/io/FileNotFoundException'{0x00000000842dca48}> (0x00000000842dca48) 
thrown [s\open\src\hotspot\share\prims\jni.cpp, line 520]
Event: 28380.127 Thread 0x000002514b64dfc0 Exception <a 'java/io/FileNotFoundException'{0x0000000084086018}> (0x0000000084086018) 
thrown [s\open\src\hotspot\share\prims\jni.cpp, line 520]
Event: 28380.630 Thread 0x000002514b64dfc0 Exception <a 'java/net/BindException'{0x00000000848305e8}: Address already in use: bind> (0x00000000848305e8) 
thrown [s\open\src\hotspot\share\prims\jni.cpp, line 539]
Event: 28385.132 Thread 0x000002514b64c580 Exception <a 'java/lang/InterruptedException'{0x00000000843199f8}: sleep interrupted> (0x00000000843199f8) 
thrown [s\open\src\hotspot\share\prims\jvm.cpp, line 3093]

VM Operations (20 events):
Event: 28371.498 Executing VM operation: G1PauseRemark done
Event: 28371.510 Executing VM operation: G1PauseCleanup
Event: 28371.510 Executing VM operation: G1PauseCleanup done
Event: 28377.308 Executing VM operation: G1CollectFull (System.gc())
Event: 28377.346 Executing VM operation: G1CollectFull (System.gc()) done
Event: 28377.705 Executing VM operation: G1CollectForAllocation (G1 Evacuation Pause)
Event: 28377.708 Executing VM operation: G1CollectForAllocation (G1 Evacuation Pause) done
Event: 28377.752 Executing VM operation: G1PauseRemark
Event: 28377.755 Executing VM operation: G1PauseRemark done
Event: 28377.767 Executing VM operation: G1PauseCleanup
Event: 28377.767 Executing VM operation: G1PauseCleanup done
Event: 28379.653 Executing VM operation: G1CollectFull (System.gc())
Event: 28379.698 Executing VM operation: G1CollectFull (System.gc()) done
Event: 28380.129 Executing VM operation: G1CollectForAllocation (G1 Evacuation Pause)
Event: 28380.132 Executing VM operation: G1CollectForAllocation (G1 Evacuation Pause) done
Event: 28380.163 Executing VM operation: G1PauseRemark
Event: 28380.166 Executing VM operation: G1PauseRemark done
Event: 28380.175 Executing VM operation: G1PauseCleanup
Event: 28380.175 Executing VM operation: G1PauseCleanup done
Event: 28385.132 Executing VM operation: G1CollectFull (System.gc())

Memory protections (0 events):
No events

Nmethod flushes (20 events):
Event: 28380.165 Thread 0x00000251726de830 flushing  nmethod 0x000002515e315b88
Event: 28380.165 Thread 0x00000251726de830 flushing  nmethod 0x000002515e357308
Event: 28380.165 Thread 0x00000251726de830 flushing  nmethod 0x000002515e567088
Event: 28380.165 Thread 0x00000251726de830 flushing  nmethod 0x000002515e7f4588
Event: 28380.165 Thread 0x00000251726de830 flushing  nmethod 0x000002515e85a288
Event: 28380.165 Thread 0x00000251726de830 flushing  nmethod 0x000002515e85ef88
Event: 28380.165 Thread 0x00000251726de830 flushing  nmethod 0x000002515e85f288
Event: 28380.165 Thread 0x00000251726de830 flushing  nmethod 0x000002515e85f608
Event: 28380.165 Thread 0x00000251726de830 flushing  nmethod 0x000002515e85fa88
Event: 28380.165 Thread 0x00000251726de830 flushing  nmethod 0x000002515e96ef08
Event: 28380.165 Thread 0x00000251726de830 flushing  nmethod 0x000002515e9dba08
Event: 28380.165 Thread 0x00000251726de830 flushing  nmethod 0x000002515e2cb088
Event: 28380.165 Thread 0x00000251726de830 flushing  nmethod 0x000002515e4bb108
Event: 28380.165 Thread 0x00000251726de830 flushing  nmethod 0x000002515e668f88
Event: 28380.165 Thread 0x00000251726de830 flushing  nmethod 0x000002515e66c008
Event: 28380.165 Thread 0x00000251726de830 flushing  nmethod 0x000002515e786888
Event: 28380.165 Thread 0x00000251726de830 flushing  nmethod 0x000002515e96af88
Event: 28380.165 Thread 0x00000251726de830 flushing  nmethod 0x000002515e9b7008
Event: 28380.165 Thread 0x00000251726de830 flushing  nmethod 0x000002515e9fd608
Event: 28380.165 Thread 0x00000251726de830 flushing  nmethod 0x000002515ecbe088

Events (20 events):
Event: 28385.122 Thread 0x0000025147e1b490 Thread exited: 0x0000025147e1b490
Event: 28385.122 Thread 0x0000025148447c10 Thread exited: 0x0000025148447c10
Event: 28385.123 Thread 0x0000025147e1ae00 Thread exited: 0x0000025147e1ae00
Event: 28385.123 Thread 0x000002514b64ece0 Thread exited: 0x000002514b64ece0
Event: 28385.123 Thread 0x0000025147e1a770 Thread exited: 0x0000025147e1a770
Event: 28385.123 Thread 0x000002514b64e650 Thread exited: 0x000002514b64e650
Event: 28385.123 Thread 0x000002514b64fa00 Thread exited: 0x000002514b64fa00
Event: 28385.123 Thread 0x0000025147e19a50 Thread exited: 0x0000025147e19a50
Event: 28385.123 Thread 0x000002514b64bef0 Thread exited: 0x000002514b64bef0
Event: 28385.123 Thread 0x0000025147e193c0 Thread exited: 0x0000025147e193c0
Event: 28385.123 Thread 0x0000025147e1a0e0 Thread exited: 0x0000025147e1a0e0
Event: 28385.123 Thread 0x000002514b6483e0 Thread exited: 0x000002514b6483e0
Event: 28385.123 Thread 0x0000025147e18d30 Thread exited: 0x0000025147e18d30
Event: 28385.125 Thread 0x0000025148444790 Thread added: 0x0000025148447c10
Event: 28385.125 Thread 0x000002514b64b860 Thread exited: 0x000002514b64b860
Event: 28385.125 Thread 0x000002514b64cc10 Thread exited: 0x000002514b64cc10
Event: 28385.126 Thread 0x0000025148447c10 Thread exited: 0x0000025148447c10
Event: 28385.132 Thread 0x000002514b64c580 Thread exited: 0x000002514b64c580
Event: 28385.132 Thread 0x000002514b648a70 Thread exited: 0x000002514b648a70
Event: 28385.132 Thread 0x000002514b649e20 Thread exited: 0x000002514b649e20


Dynamic libraries:
0x00007ff640f70000 - 0x00007ff640f80000 	C:\Users\Administrator\Downloads\jdk-23_windows-x64_bin\jdk-23.0.2\bin\java.exe
0x00007ffaa38b0000 - 0x00007ffaa3aa8000 	C:\Windows\SYSTEM32\ntdll.dll
0x00007ffaa2db0000 - 0x00007ffaa2e72000 	C:\Windows\System32\KERNEL32.DLL
0x00007ffaa12a0000 - 0x00007ffaa1596000 	C:\Windows\System32\KERNELBASE.dll
0x00007ffaa11a0000 - 0x00007ffaa12a0000 	C:\Windows\System32\ucrtbase.dll
0x00007ffa7e650000 - 0x00007ffa7e667000 	C:\Users\Administrator\Downloads\jdk-23_windows-x64_bin\jdk-23.0.2\bin\jli.dll
0x00007ffa7df10000 - 0x00007ffa7df2b000 	C:\Users\Administrator\Downloads\jdk-23_windows-x64_bin\jdk-23.0.2\bin\VCRUNTIME140.dll
0x00007ffaa2300000 - 0x00007ffaa249d000 	C:\Windows\System32\USER32.dll
0x00007ffaa05b0000 - 0x00007ffaa084b000 	C:\Windows\WinSxS\amd64_microsoft.windows.common-controls_6595b64144ccf1df_6.0.19041.6280_none_60bc30a171f2f3f3\COMCTL32.dll
0x00007ffaa1170000 - 0x00007ffaa1192000 	C:\Windows\System32\win32u.dll
0x00007ffaa37d0000 - 0x00007ffaa386e000 	C:\Windows\System32\msvcrt.dll
0x00007ffaa20e0000 - 0x00007ffaa210b000 	C:\Windows\System32\GDI32.dll
0x00007ffaa0f50000 - 0x00007ffaa1069000 	C:\Windows\System32\gdi32full.dll
0x00007ffaa16e0000 - 0x00007ffaa177d000 	C:\Windows\System32\msvcp_win.dll
0x00007ffaa3160000 - 0x00007ffaa318f000 	C:\Windows\System32\IMM32.DLL
0x00007ffa98b50000 - 0x00007ffa98b5c000 	C:\Users\Administrator\Downloads\jdk-23_windows-x64_bin\jdk-23.0.2\bin\vcruntime140_1.dll
0x00007ffa6ba60000 - 0x00007ffa6baee000 	C:\Users\Administrator\Downloads\jdk-23_windows-x64_bin\jdk-23.0.2\bin\msvcp140.dll
0x00007ffa08180000 - 0x00007ffa08ed0000 	C:\Users\Administrator\Downloads\jdk-23_windows-x64_bin\jdk-23.0.2\bin\server\jvm.dll
0x00007ffaa2190000 - 0x00007ffaa2241000 	C:\Windows\System32\ADVAPI32.dll
0x00007ffaa2250000 - 0x00007ffaa22ef000 	C:\Windows\System32\sechost.dll
0x00007ffaa2630000 - 0x00007ffaa2750000 	C:\Windows\System32\RPCRT4.dll
0x00007ffaa1630000 - 0x00007ffaa1657000 	C:\Windows\System32\bcrypt.dll
0x00007ffaa24a0000 - 0x00007ffaa250b000 	C:\Windows\System32\WS2_32.dll
0x00007ffaa0cd0000 - 0x00007ffaa0d1b000 	C:\Windows\SYSTEM32\POWRPROF.dll
0x00007ffa89430000 - 0x00007ffa89457000 	C:\Windows\SYSTEM32\WINMM.dll
0x00007ffa9d6f0000 - 0x00007ffa9d6fa000 	C:\Windows\SYSTEM32\VERSION.dll
0x00007ffaa0c70000 - 0x00007ffaa0c82000 	C:\Windows\SYSTEM32\UMPDC.dll
0x00007ffa9ea40000 - 0x00007ffa9ea52000 	C:\Windows\SYSTEM32\kernel.appcore.dll
0x00007ffa84ae0000 - 0x00007ffa84aea000 	C:\Users\Administrator\Downloads\jdk-23_windows-x64_bin\jdk-23.0.2\bin\jimage.dll
0x00007ffaa0890000 - 0x00007ffaa0a91000 	C:\Windows\SYSTEM32\DBGHELP.DLL
0x00007ffaa0850000 - 0x00007ffaa0884000 	C:\Windows\SYSTEM32\dbgcore.DLL
0x00007ffaa15a0000 - 0x00007ffaa1622000 	C:\Windows\System32\bcryptPrimitives.dll
0x00007ffa7b4a0000 - 0x00007ffa7b4be000 	C:\Users\Administrator\Downloads\jdk-23_windows-x64_bin\jdk-23.0.2\bin\java.dll
0x00007ffaa3030000 - 0x00007ffaa315b000 	C:\Windows\System32\ole32.dll
0x00007ffaa3380000 - 0x00007ffaa36d3000 	C:\Windows\System32\combase.dll
0x00007ffaa18e0000 - 0x00007ffaa2050000 	C:\Windows\System32\SHELL32.dll
0x00007ffa9e180000 - 0x00007ffa9e924000 	C:\Windows\SYSTEM32\windows.storage.dll
0x00007ffaa01d0000 - 0x00007ffaa01fb000 	C:\Windows\SYSTEM32\Wldp.dll
0x00007ffaa2ce0000 - 0x00007ffaa2dad000 	C:\Windows\System32\OLEAUT32.dll
0x00007ffaa27b0000 - 0x00007ffaa285d000 	C:\Windows\System32\SHCORE.dll
0x00007ffaa2750000 - 0x00007ffaa27ab000 	C:\Windows\System32\shlwapi.dll
0x00007ffaa0e80000 - 0x00007ffaa0ea4000 	C:\Windows\SYSTEM32\profapi.dll
0x00007ffa69c00000 - 0x00007ffa69cd7000 	C:\Users\Administrator\Downloads\jdk-23_windows-x64_bin\jdk-23.0.2\bin\jsvml.dll
0x00007ffa84a10000 - 0x00007ffa84a20000 	C:\Users\Administrator\Downloads\jdk-23_windows-x64_bin\jdk-23.0.2\bin\net.dll
0x00007ffa9ff50000 - 0x00007ffa9ffba000 	C:\Windows\system32\mswsock.dll
0x00007ffa79740000 - 0x00007ffa79756000 	C:\Users\Administrator\Downloads\jdk-23_windows-x64_bin\jdk-23.0.2\bin\nio.dll
0x00007ffa76f20000 - 0x00007ffa76f37000 	C:\Users\Administrator\Downloads\jdk-23_windows-x64_bin\jdk-23.0.2\bin\zip.dll
0x00007ffa84980000 - 0x00007ffa8498a000 	C:\Users\Administrator\Downloads\jdk-23_windows-x64_bin\jdk-23.0.2\bin\management.dll
0x00007ffa84950000 - 0x00007ffa8495b000 	C:\Users\Administrator\Downloads\jdk-23_windows-x64_bin\jdk-23.0.2\bin\management_ext.dll
0x00007ffaa37c0000 - 0x00007ffaa37c8000 	C:\Windows\System32\PSAPI.DLL
0x00007ffa80260000 - 0x00007ffa8026e000 	C:\Users\Administrator\Downloads\jdk-23_windows-x64_bin\jdk-23.0.2\bin\sunmscapi.dll
0x00007ffaa1780000 - 0x00007ffaa18dd000 	C:\Windows\System32\CRYPT32.dll
0x00007ffaa0540000 - 0x00007ffaa0567000 	C:\Windows\SYSTEM32\ncrypt.dll
0x00007ffaa0500000 - 0x00007ffaa053b000 	C:\Windows\SYSTEM32\NTASN1.dll
0x00007ffaa0c50000 - 0x00007ffaa0c68000 	C:\Windows\SYSTEM32\CRYPTSP.dll
0x00007ffa9f8d0000 - 0x00007ffa9f908000 	C:\Windows\system32\rsaenh.dll
0x00007ffaa0e40000 - 0x00007ffaa0e6e000 	C:\Windows\SYSTEM32\USERENV.dll
0x00007ffaa0140000 - 0x00007ffaa014c000 	C:\Windows\SYSTEM32\CRYPTBASE.dll
0x00007ffa9fc30000 - 0x00007ffa9fc6b000 	C:\Windows\SYSTEM32\IPHLPAPI.DLL
0x00007ffaa2cd0000 - 0x00007ffaa2cd8000 	C:\Windows\System32\NSI.dll
0x00007ffa7fec0000 - 0x00007ffa7fed0000 	C:\Users\Administrator\Downloads\jdk-23_windows-x64_bin\jdk-23.0.2\bin\verify.dll
0x00007ffa9fc70000 - 0x00007ffa9fd3a000 	C:\Windows\SYSTEM32\DNSAPI.dll
0x00007ffa8b8f0000 - 0x00007ffa8b8fa000 	C:\Windows\System32\rasadhlp.dll
0x00007ffa8b830000 - 0x00007ffa8b8b0000 	C:\Windows\System32\fwpuclnt.dll
0x00007ffa7ff80000 - 0x00007ffa7ff89000 	C:\Users\Administrator\Downloads\jdk-23_windows-x64_bin\jdk-23.0.2\bin\extnet.dll
0x00007ffa7f4b0000 - 0x00007ffa7f4b7000 	C:\Windows\system32\wshunix.dll

dbghelp: loaded successfully - version: 4.0.5 - missing functions: none
symbol engine: initialized successfully - sym options: 0x614 - pdb path: .;C:\Users\Administrator\Downloads\jdk-23_windows-x64_bin\jdk-23.0.2\bin;C:\Windows\SYSTEM32;C:\Windows\WinSxS\amd64_microsoft.windows.common-controls_6595b64144ccf1df_6.0.19041.6280_none_60bc30a171f2f3f3;C:\Users\Administrator\Downloads\jdk-23_windows-x64_bin\jdk-23.0.2\bin\server

VM Arguments:
jvm_args: -XX:+ShowCodeDetailsInExceptionMessages 
java_command: com.example.demo.DemoApplication
java_class_path (initial): C:\Users\Administrator\Desktop\ReduxAPI\server\demo\target\classes;C:\Users\Administrator\.m2\repository\org\springframework\boot\spring-boot-starter-data-jpa\3.5.5\spring-boot-starter-data-jpa-3.5.5.jar;C:\Users\Administrator\.m2\repository\org\springframework\boot\spring-boot-starter\3.5.5\spring-boot-starter-3.5.5.jar;C:\Users\Administrator\.m2\repository\org\springframework\boot\spring-boot-starter-logging\3.5.5\spring-boot-starter-logging-3.5.5.jar;C:\Users\Administrator\.m2\repository\ch\qos\logback\logback-classic\1.5.18\logback-classic-1.5.18.jar;C:\Users\Administrator\.m2\repository\ch\qos\logback\logback-core\1.5.18\logback-core-1.5.18.jar;C:\Users\Administrator\.m2\repository\org\apache\logging\log4j\log4j-to-slf4j\2.24.3\log4j-to-slf4j-2.24.3.jar;C:\Users\Administrator\.m2\repository\org\apache\logging\log4j\log4j-api\2.24.3\log4j-api-2.24.3.jar;C:\Users\Administrator\.m2\repository\org\slf4j\jul-to-slf4j\2.0.17\jul-to-slf4j-2.0.17.jar;C:\Users\Administrator\.m2\repository\jakarta\annotation\jakarta.annotation-api\2.1.1\jakarta.annotation-api-2.1.1.jar;C:\Users\Administrator\.m2\repository\org\yaml\snakeyaml\2.4\snakeyaml-2.4.jar;C:\Users\Administrator\.m2\repository\org\springframework\boot\spring-boot-starter-jdbc\3.5.5\spring-boot-starter-jdbc-3.5.5.jar;C:\Users\Administrator\.m2\repository\com\zaxxer\HikariCP\6.3.2\HikariCP-6.3.2.jar;C:\Users\Administrator\.m2\repository\org\springframework\spring-jdbc\6.2.10\spring-jdbc-6.2.10.jar;C:\Users\Administrator\.m2\repository\org\hibernate\orm\hibernate-core\6.6.26.Final\hibernate-core-6.6.26.Final.jar;C:\Users\Administrator\.m2\repository\jakarta\persistence\jakarta.persistence-api\3.1.0\jakarta.persistence-api-3.1.0.jar;C:\Users\Administrator\.m2\repository\jakarta\transaction\jakarta.transaction-api\2.0.1\jakarta.transaction-api-2.0.1.jar;C:\Users\Administrator\.m2\repository\org\jboss\logging\jboss-logging\3.6.1.Final\jboss-logging-3.6.1.Final.jar;C:\Users\Administrator\.m2\repository\org\hibernate\common\hibernate-commons-annotations\7.0.3.Final\hibernate-commons-annotations-7.0.3.Final.jar;C:\Users\Administrator\.m2\repository\io\smallrye\jandex\3.2.0\jandex-3.2.0.jar;C:\Users\Administrator\.m2\repository\com\fasterxml\classmate\1.7.0\classmate-1.7.0.jar;C:\Users\Administrator\.m2\repository\net\bytebuddy\byte-buddy\1.17.7\byte-buddy-1.17.7.jar;C:\Users\Administrator\.m2\repository\org\glassfish\jaxb\jaxb-runtime\4.0.5\jaxb-runtime-4.0.5.jar;C:\Users\Administrator\.m2\repository\org\glassfish\jaxb\jaxb-core\4.0.5\jaxb-core-4.0.5.jar;C:\Users\Administrator\.m2\repository\org\eclipse\angus\angus-activation\2.0.2\angus-activation-2.0.2.jar;C:\Users\Administrator\.m2\repository\org\glassfish\jaxb\txw2\4.0.5\txw2-4.0.5.jar;C:\Users\Administrator\.m2\repository\com\sun\istack\istack-commons-runtime\4.1.2\istack-commons-runtime-4.1.2.jar;C:\Users\Administrator\.m2\repository\jakarta\inject\jakarta.inject-api\2.0.1\jakarta.inject-api-2.0.1.jar;C:\Users\Administrator\.m2\repository\org\antlr\antlr4-runtime\4.13.0\antlr4-runtime-4.13.0.jar;C:\Users\Administrator\.m2\repository\org\springframework\data\spring-data-jpa\3.5.3\spring-data-jpa-3.5.3.jar;C:\Users\Administrator\.m2\repository\org\springframework\data\spring-data-commons\3.5.3\spring-data-commons-3.5.3.jar;C:\Users\Administrator\.m2\repository\org\springframework\spring-orm\6.2.10\spring-orm-6.2.10.jar;C:\Users\Administrator\.m2\repository\org\springframework\spring-context\6.2.10\spring-context-6.2.10.jar;C:\Users\Administrator\.m2\repository\org\springframework\spring-aop\6.2.10\spring-aop-6.2.10.jar;C:\Users\Administrator\.m2\repository\org\springframework\spring-tx\6.2.10\spring-tx-6.2.10.jar;C:\Users\Administrator\.m2\repository\org\springframework\spring-beans\6.2.10\spring-beans-6.2.10.jar;C:\Users\Administrator\.m2\repository\org\slf4j\slf4j-api\2.0.17\slf4j-api-2.0.17.jar;C:\Users\Administrator\.m2\repository\org\springframework\spring-aspects\6.2.10\spring-aspects-6.2.10.jar;C:\Users\Administrator\.m2\repository\org\aspectj\aspectjweaver\1.9.24\aspectjweaver-1.9.24.jar;C:\Users\Administrator\.m2\repository\org\springframework\boot\spring-boot-starter-web\3.5.5\spring-boot-starter-web-3.5.5.jar;C:\Users\Administrator\.m2\repository\org\springframework\boot\spring-boot-starter-json\3.5.5\spring-boot-starter-json-3.5.5.jar;C:\Users\Administrator\.m2\repository\com\fasterxml\jackson\core\jackson-databind\2.19.2\jackson-databind-2.19.2.jar;C:\Users\Administrator\.m2\repository\com\fasterxml\jackson\core\jackson-annotations\2.19.2\jackson-annotations-2.19.2.jar;C:\Users\Administrator\.m2\repository\com\fasterxml\jackson\core\jackson-core\2.19.2\jackson-core-2.19.2.jar;C:\Users\Administrator\.m2\repository\com\fasterxml\jackson\datatype\jackson-datatype-jdk8\2.19.2\jackson-datatype-jdk8-2.19.2.jar;C:\Users\Administrator\.m2\repository\com\fasterxml\jackson\datatype\jackson-datatype-jsr310\2.19.2\jackson-datatype-jsr310-2.19.2.jar;C:\Users\Administrator\.m2\repository\com\fasterxml\jackson\module\jackson-module-parameter-names\2.19.2\jackson-module-parameter-names-2.19.2.jar;C:\Users\Administrator\.m2\repository\org\springframework\boot\spring-boot-starter-tomcat\3.5.5\spring-boot-starter-tomcat-3.5.5.jar;C:\Users\Administrator\.m2\repository\org\apache\tomcat\embed\tomcat-embed-core\10.1.44\tomcat-embed-core-10.1.44.jar;C:\Users\Administrator\.m2\repository\org\apache\tomcat\embed\tomcat-embed-el\10.1.44\tomcat-embed-el-10.1.44.jar;C:\Users\Administrator\.m2\repository\org\apache\tomcat\embed\tomcat-embed-websocket\10.1.44\tomcat-embed-websocket-10.1.44.jar;C:\Users\Administrator\.m2\repository\org\springframework\spring-web\6.2.10\spring-web-6.2.10.jar;C:\Users\Administrator\.m2\repository\io\micrometer\micrometer-observation\1.15.3\micrometer-observation-1.15.3.jar;C:\Users\Administrator\.m2\repository\io\micrometer\micrometer-commons\1.15.3\micrometer-commons-1.15.3.jar;C:\Users\Administrator\.m2\repository\org\springframework\spring-webmvc\6.2.10\spring-webmvc-6.2.10.jar;C:\Users\Administrator\.m2\repository\org\springframework\spring-expression\6.2.10\spring-expression-6.2.10.jar;C:\Users\Administrator\.m2\repository\org\springframework\boot\spring-boot-devtools\3.5.5\spring-boot-devtools-3.5.5.jar;C:\Users\Administrator\.m2\repository\org\springframework\boot\spring-boot\3.5.5\spring-boot-3.5.5.jar;C:\Users\Administrator\.m2\repository\org\springframework\boot\spring-boot-autoconfigure\3.5.5\spring-boot-autoconfigure-3.5.5.jar;C:\Users\Administrator\.m2\repository\org\postgresql\postgresql\42.7.7\postgresql-42.7.7.jar;C:\Users\Administrator\.m2\repository\org\checkerframework\checker-qual\3.49.3\checker-qual-3.49.3.jar;C:\Users\Administrator\.m2\repository\org\projectlombok\lombok\1.18.38\lombok-1.18.38.jar;C:\Users\Administrator\.m2\repository\jakarta\xml\bind\jakarta.xml.bind-api\4.0.2\jakarta.xml.bind-api-4.0.2.jar;C:\Users\Administrator\.m2\repository\jakarta\activation\jakarta.activation-api\2.1.3\jakarta.activation-api-2.1.3.jar;C:\Users\Administrator\.m2\repository\org\springframework\spring-core\6.2.10\spring-core-6.2.10.jar;C:\Users\Administrator\.m2\repository\org\springframework\spring-jcl\6.2.10\spring-jcl-6.2.10.jar
Launcher Type: SUN_STANDARD

[Global flags]
     intx CICompilerCount                          = 4                                         {product} {ergonomic}
     uint ConcGCThreads                            = 2                                         {product} {ergonomic}
     uint G1ConcRefinementThreads                  = 8                                         {product} {ergonomic}
   size_t G1HeapRegionSize                         = 1048576                                   {product} {ergonomic}
   size_t InitialHeapSize                          = 134217728                                 {product} {ergonomic}
   size_t MarkStackSize                            = 4194304                                   {product} {ergonomic}
   size_t MarkStackSizeMax                         = 536870912                                 {product} {ergonomic}
   size_t MaxHeapSize                              = 2120220672                                {product} {ergonomic}
   size_t MaxNewSize                               = 1271922688                                {product} {ergonomic}
   size_t MinHeapDeltaBytes                        = 1048576                                   {product} {ergonomic}
   size_t MinHeapSize                              = 8388608                                   {product} {ergonomic}
    uintx NonNMethodCodeHeapSize                   = 5832704                                {pd product} {ergonomic}
    uintx NonProfiledCodeHeapSize                  = 122945536                              {pd product} {ergonomic}
    uintx ProfiledCodeHeapSize                     = 122880000                              {pd product} {ergonomic}
    uintx ReservedCodeCacheSize                    = 251658240                              {pd product} {ergonomic}
     bool SegmentedCodeCache                       = true                                      {product} {ergonomic}
     bool ShowCodeDetailsInExceptionMessages       = true                                   {manageable} {command line}
   size_t SoftMaxHeapSize                          = 2120220672                             {manageable} {ergonomic}
     bool UseCompressedOops                        = true                           {product lp64_product} {ergonomic}
     bool UseG1GC                                  = true                                      {product} {ergonomic}
     bool UseLargePagesIndividualAllocation        = false                                  {pd product} {ergonomic}

Logging:
Log output configuration:
 #0: stdout all=warning uptime,level,tags foldmultilines=false
 #1: stderr all=off uptime,level,tags foldmultilines=false

Environment Variables:
PATH=C:\Program Files\nodejs;%APPDATA%\npm;C:\Windows\System32;C:\Program Files\nodejs\;C:\Users\Administrator\Downloads\jdk-23_windows-x64_bin\jdk-23.0.2\bin;C:\Users\Administrator\AppData\Local\Programs\Python\Python314\python.exe;C:\Users\Administrator\AppData\Local\Programs\Python\Python314\Scripts\;C:\MinGW\bin;C:\Users\Administrator\Downloads\maven-mvnd-1.0.2-windows-amd64\maven-mvnd-1.0.2-windows-amd64\bin;C:\apache-maven-3.9.11-bin\apache-maven-3.9.11\bin;C:\Program Files\Git\cmd;C:\Users\Administrator\AppData\Local\Programs\Python\Python310\Scripts\;C:\Users\Administrator\AppData\Local\Programs\Python\Python310\;C:\Users\Administrator\AppData\Local\Programs\Python\Python314\Scripts\;C:\Users\Administrator\AppData\Local\Programs\Python\Python314\;C:\Users\Administrator\AppData\Roaming\npm;C:\MinGW\bin;C:\Users\Administrator\AppData\Local\Programs\Microsoft VS Code\bin
USERNAME=Administrator
LANG=en_US.UTF-8
OS=Windows_NT
PROCESSOR_IDENTIFIER=Intel64 Family 6 Model 142 Stepping 10, GenuineIntel
TMP=C:\Users\Administrator\AppData\Local\Temp
TEMP=C:\Users\Administrator\AppData\Local\Temp




Periodic native trim disabled

---------------  S Y S T E M  ---------------

OS:
 Windows 10 , 64 bit Build 19041 (10.0.19041.5915)
OS uptime: 2 days 8:08 hours

CPU: total 8 (initial active 8) (4 cores per cpu, 2 threads per core) family 6 model 142 stepping 10 microcode 0xb4, cx8, cmov, fxsr, ht, mmx, 3dnowpref, sse, sse2, sse3, ssse3, sse4.1, sse4.2, popcnt, lzcnt, tsc, tscinvbit, avx, avx2, aes, erms, clmul, bmi1, bmi2, adx, fma, vzeroupper, clflush, clflushopt, rdtscp, f16c
Processor Information for the first 8 processors :
  Max Mhz: 1800, Current Mhz: 1600, Mhz Limit: 1584

Memory: 4k page, system-wide physical 8083M (426M free)
TotalPageFile size 23275M (AvailPageFile size 37M)
current process WorkingSet (physical memory assigned to process): 270M, peak: 275M
current process commit charge ("private bytes"): 338M, peak: 346M

vm_info: Java HotSpot(TM) 64-Bit Server VM (23.0.2+7-58) for windows-amd64 JRE (23.0.2+7-58), built on 2024-11-29T09:34:55Z with MS VC++ 17.6 (VS2022)

END.
